<?xml version="1.0" encoding="UTF-8"?>
<!-- Generated by org.testng.reporters.JUnitReportReporter -->
<testsuite hostname="hp" failures="0" tests="1" name="com.crm.Vtiger.Practice.CreateConByUser1Test" time="0.033" errors="0" timestamp="2022-03-28T22:20:08 IST" skipped="0">
  <testcase classname="com.crm.Vtiger.Practice.CreateConByUser1Test" name="createContact" time="0.033"/>
  <system-out/>
</testsuite> <!-- com.crm.Vtiger.Practice.CreateConByUser1Test -->
