<?xml version="1.0" encoding="UTF-8"?>
<!-- Generated by org.testng.reporters.JUnitReportReporter -->
<testsuite hostname="hp" failures="0" tests="1" name="com.crm.Vtiger.Practice.CreateOwnerTest" time="0.026" errors="0" timestamp="2022-03-28T21:57:57 IST" skipped="0">
  <testcase classname="com.crm.Vtiger.Practice.CreateOwnerTest" name="createOwner" time="0.026"/>
  <system-out/>
</testsuite> <!-- com.crm.Vtiger.Practice.CreateOwnerTest -->
