<?xml version="1.0" encoding="UTF-8"?>
<!-- Generated by org.testng.reporters.JUnitReportReporter -->
<testsuite hostname="hp" failures="0" tests="1" name="com.crm.Vtiger.Practice.CreateContactTest" time="0.051" errors="0" timestamp="2022-03-25T07:25:21 IST" skipped="0">
  <testcase classname="com.crm.Vtiger.Practice.CreateContactTest" name="createContact" time="0.051"/>
  <system-out/>
</testsuite> <!-- com.crm.Vtiger.Practice.CreateContactTest -->
