<?xml version="1.0" encoding="UTF-8"?>
<!-- Generated by org.testng.reporters.JUnitReportReporter -->
<testsuite hostname="hp" failures="0" tests="1" name="com.crm.Vtiger.Practice.CreateInvoiceByUser1Test" time="0.024" errors="0" timestamp="2022-04-01T14:35:35 IST" skipped="0">
  <testcase classname="com.crm.Vtiger.Practice.CreateInvoiceByUser1Test" name="createInvoice" time="0.024"/>
  <system-out/>
</testsuite> <!-- com.crm.Vtiger.Practice.CreateInvoiceByUser1Test -->
