<?xml version="1.0" encoding="UTF-8"?>
<!-- Generated by org.testng.reporters.JUnitReportReporter -->
<testsuite hostname="hp" failures="0" tests="1" name="com.crm.Vtiger.Practice.CreateInvoiceByUser2" time="0.028" errors="0" timestamp="2022-04-01T14:45:25 IST" skipped="0">
  <testcase classname="com.crm.Vtiger.Practice.CreateInvoiceByUser2" name="createInvoice" time="0.028"/>
  <system-out/>
</testsuite> <!-- com.crm.Vtiger.Practice.CreateInvoiceByUser2 -->
